<?xml version="1.0" encoding="UTF-8"?>
<!-- Generated by org.testng.reporters.JUnitXMLReporter -->
<testsuite ignored="0" hostname="DAC-100304" failures="0" tests="6" name="Test" time="500.436" errors="0" timestamp="2024-08-04T11:50:07 IST">
  <testcase classname="authenticate.TestCases.AllTestCases" name="TC002_Login_to_Application" time="23.42"/>
  <testcase classname="authenticate.TestCases.AllTestCases" name="TC01_Verify_Tittle_Onlaunch" time="0.013"/>
  <testcase classname="authenticate.TestCases.AllTestCases" name="TC03_SearchProduct" time="47.213"/>
  <testcase classname="authenticate.TestCases.AllTestCases" name="TC04_VerifytheProductDetails" time="80.916"/>
  <testcase classname="authenticate.TestCases.AllTestCases" name="TC05_endtoend_login_To_PaymentMethod" time="153.655"/>
  <testcase classname="authenticate.TestCases.AllTestCases" name="amzProductComparewithFlipkart" time="113.596"/>
</testsuite> <!-- Test -->
