<?xml version="1.0" encoding="UTF-8"?>
<testng-results ignored="0" total="6" passed="5" failed="1" skipped="0">
  <reporter-output>
  </reporter-output>
  <suite started-at="2024-08-03T14:08:48 IST" name="AllTestCaseRunner" finished-at="2024-08-03T14:15:22 IST" duration-ms="394033">
    <groups>
      <group name="SanityTest">
        <method signature="AllTestCases.TC01_Verify_Tittle_Onlaunch()[pri:0, instance:authenticate.TestCases.AllTestCases@77888435]" name="TC01_Verify_Tittle_Onlaunch" class="authenticate.TestCases.AllTestCases"/>
      </group> <!-- SanityTest -->
      <group name="SmokeTest">
        <method signature="AllTestCases.TC002_Login_to_Application()[pri:0, instance:authenticate.TestCases.AllTestCases@77888435]" name="TC002_Login_to_Application" class="authenticate.TestCases.AllTestCases"/>
        <method signature="AllTestCases.TC01_Verify_Tittle_Onlaunch()[pri:0, instance:authenticate.TestCases.AllTestCases@77888435]" name="TC01_Verify_Tittle_Onlaunch" class="authenticate.TestCases.AllTestCases"/>
        <method signature="AllTestCases.TC05_endtoend_login_To_PaymentMethod()[pri:0, instance:authenticate.TestCases.AllTestCases@77888435]" name="TC05_endtoend_login_To_PaymentMethod" class="authenticate.TestCases.AllTestCases"/>
      </group> <!-- SmokeTest -->
      <group name="RegressionTest">
        <method signature="AllTestCases.TC002_Login_to_Application()[pri:0, instance:authenticate.TestCases.AllTestCases@77888435]" name="TC002_Login_to_Application" class="authenticate.TestCases.AllTestCases"/>
        <method signature="AllTestCases.TC03_SearchProduct()[pri:0, instance:authenticate.TestCases.AllTestCases@77888435]" name="TC03_SearchProduct" class="authenticate.TestCases.AllTestCases"/>
        <method signature="AllTestCases.TC04_VerifytheProductDetails()[pri:0, instance:authenticate.TestCases.AllTestCases@77888435]" name="TC04_VerifytheProductDetails" class="authenticate.TestCases.AllTestCases"/>
        <method signature="AllTestCases.TC05_endtoend_login_To_PaymentMethod()[pri:0, instance:authenticate.TestCases.AllTestCases@77888435]" name="TC05_endtoend_login_To_PaymentMethod" class="authenticate.TestCases.AllTestCases"/>
        <method signature="AllTestCases.amzProductComparewithFlipkart()[pri:0, instance:authenticate.TestCases.AllTestCases@77888435]" name="amzProductComparewithFlipkart" class="authenticate.TestCases.AllTestCases"/>
      </group> <!-- RegressionTest -->
    </groups>
    <test started-at="2024-08-03T14:08:48 IST" name="Test" finished-at="2024-08-03T14:15:22 IST" duration-ms="394033">
      <class name="authenticate.TestCases.AllTestCases">
        <test-method is-config="true" signature="loadConfig()[pri:0, instance:authenticate.TestCases.AllTestCases@77888435]" started-at="2024-08-03T14:08:47 IST" name="loadConfig" finished-at="2024-08-03T14:08:48 IST" duration-ms="976" status="PASS">
          <reporter-output>
          </reporter-output>
        </test-method> <!-- loadConfig -->
        <test-method is-config="true" signature="setUp(java.lang.String)[pri:0, instance:authenticate.TestCases.AllTestCases@77888435]" started-at="2024-08-03T14:08:48 IST" name="setUp" finished-at="2024-08-03T14:09:03 IST" duration-ms="14658" status="PASS">
          <params>
            <param index="0">
              <value>
                <![CDATA[Chrome]]>
              </value>
            </param>
          </params>
          <reporter-output>
          </reporter-output>
        </test-method> <!-- setUp -->
        <test-method signature="TC002_Login_to_Application()[pri:0, instance:authenticate.TestCases.AllTestCases@77888435]" started-at="2024-08-03T14:09:03 IST" name="TC002_Login_to_Application" finished-at="2024-08-03T14:09:27 IST" duration-ms="24118" status="PASS">
          <reporter-output>
          </reporter-output>
        </test-method> <!-- TC002_Login_to_Application -->
        <test-method is-config="true" signature="tearDown()[pri:0, instance:authenticate.TestCases.AllTestCases@77888435]" started-at="2024-08-03T14:09:27 IST" name="tearDown" finished-at="2024-08-03T14:09:27 IST" duration-ms="295" status="PASS">
          <reporter-output>
          </reporter-output>
        </test-method> <!-- tearDown -->
        <test-method is-config="true" signature="setUp(java.lang.String)[pri:0, instance:authenticate.TestCases.AllTestCases@77888435]" started-at="2024-08-03T14:09:27 IST" name="setUp" finished-at="2024-08-03T14:09:46 IST" duration-ms="19052" status="PASS">
          <params>
            <param index="0">
              <value>
                <![CDATA[Chrome]]>
              </value>
            </param>
          </params>
          <reporter-output>
          </reporter-output>
        </test-method> <!-- setUp -->
        <test-method signature="TC01_Verify_Tittle_Onlaunch()[pri:0, instance:authenticate.TestCases.AllTestCases@77888435]" started-at="2024-08-03T14:09:46 IST" name="TC01_Verify_Tittle_Onlaunch" finished-at="2024-08-03T14:09:46 IST" duration-ms="44" status="PASS">
          <reporter-output>
          </reporter-output>
        </test-method> <!-- TC01_Verify_Tittle_Onlaunch -->
        <test-method is-config="true" signature="tearDown()[pri:0, instance:authenticate.TestCases.AllTestCases@77888435]" started-at="2024-08-03T14:09:46 IST" name="tearDown" finished-at="2024-08-03T14:09:47 IST" duration-ms="197" status="PASS">
          <reporter-output>
          </reporter-output>
        </test-method> <!-- tearDown -->
        <test-method is-config="true" signature="setUp(java.lang.String)[pri:0, instance:authenticate.TestCases.AllTestCases@77888435]" started-at="2024-08-03T14:09:47 IST" name="setUp" finished-at="2024-08-03T14:10:13 IST" duration-ms="26774" status="PASS">
          <params>
            <param index="0">
              <value>
                <![CDATA[Chrome]]>
              </value>
            </param>
          </params>
          <reporter-output>
          </reporter-output>
        </test-method> <!-- setUp -->
        <test-method signature="TC03_SearchProduct()[pri:0, instance:authenticate.TestCases.AllTestCases@77888435]" started-at="2024-08-03T14:10:13 IST" name="TC03_SearchProduct" finished-at="2024-08-03T14:11:00 IST" duration-ms="46504" status="PASS">
          <reporter-output>
          </reporter-output>
        </test-method> <!-- TC03_SearchProduct -->
        <test-method is-config="true" signature="tearDown()[pri:0, instance:authenticate.TestCases.AllTestCases@77888435]" started-at="2024-08-03T14:11:00 IST" name="tearDown" finished-at="2024-08-03T14:11:00 IST" duration-ms="253" status="PASS">
          <reporter-output>
          </reporter-output>
        </test-method> <!-- tearDown -->
        <test-method is-config="true" signature="setUp(java.lang.String)[pri:0, instance:authenticate.TestCases.AllTestCases@77888435]" started-at="2024-08-03T14:11:00 IST" name="setUp" finished-at="2024-08-03T14:11:25 IST" duration-ms="25144" status="PASS">
          <params>
            <param index="0">
              <value>
                <![CDATA[Chrome]]>
              </value>
            </param>
          </params>
          <reporter-output>
          </reporter-output>
        </test-method> <!-- setUp -->
        <test-method signature="TC04_VerifytheProductDetails()[pri:0, instance:authenticate.TestCases.AllTestCases@77888435]" started-at="2024-08-03T14:11:25 IST" name="TC04_VerifytheProductDetails" finished-at="2024-08-03T14:12:33 IST" duration-ms="68191" status="PASS">
          <reporter-output>
          </reporter-output>
        </test-method> <!-- TC04_VerifytheProductDetails -->
        <test-method is-config="true" signature="tearDown()[pri:0, instance:authenticate.TestCases.AllTestCases@77888435]" started-at="2024-08-03T14:12:33 IST" name="tearDown" finished-at="2024-08-03T14:12:34 IST" duration-ms="332" status="PASS">
          <reporter-output>
          </reporter-output>
        </test-method> <!-- tearDown -->
        <test-method is-config="true" signature="setUp(java.lang.String)[pri:0, instance:authenticate.TestCases.AllTestCases@77888435]" started-at="2024-08-03T14:12:34 IST" name="setUp" finished-at="2024-08-03T14:12:57 IST" duration-ms="23347" status="PASS">
          <params>
            <param index="0">
              <value>
                <![CDATA[Chrome]]>
              </value>
            </param>
          </params>
          <reporter-output>
          </reporter-output>
        </test-method> <!-- setUp -->
        <test-method signature="TC05_endtoend_login_To_PaymentMethod()[pri:0, instance:authenticate.TestCases.AllTestCases@77888435]" started-at="2024-08-03T14:12:57 IST" name="TC05_endtoend_login_To_PaymentMethod" finished-at="2024-08-03T14:14:57 IST" duration-ms="120179" status="PASS">
          <reporter-output>
          </reporter-output>
        </test-method> <!-- TC05_endtoend_login_To_PaymentMethod -->
        <test-method is-config="true" signature="tearDown()[pri:0, instance:authenticate.TestCases.AllTestCases@77888435]" started-at="2024-08-03T14:14:57 IST" name="tearDown" finished-at="2024-08-03T14:14:58 IST" duration-ms="373" status="PASS">
          <reporter-output>
          </reporter-output>
        </test-method> <!-- tearDown -->
        <test-method is-config="true" signature="setUp(java.lang.String)[pri:0, instance:authenticate.TestCases.AllTestCases@77888435]" started-at="2024-08-03T14:14:58 IST" name="setUp" finished-at="2024-08-03T14:15:09 IST" duration-ms="11351" status="PASS">
          <params>
            <param index="0">
              <value>
                <![CDATA[Chrome]]>
              </value>
            </param>
          </params>
          <reporter-output>
          </reporter-output>
        </test-method> <!-- setUp -->
        <test-method signature="amzProductComparewithFlipkart()[pri:0, instance:authenticate.TestCases.AllTestCases@77888435]" started-at="2024-08-03T14:15:09 IST" name="amzProductComparewithFlipkart" finished-at="2024-08-03T14:15:22 IST" duration-ms="12440" status="FAIL">
          <exception class="org.openqa.selenium.NoSuchElementException">
            <message>
              <![CDATA[no such element: Unable to locate element: {"method":"xpath","selector":"//img[@alt='Sponsored Ad - Apple iPhone 15 (128 GB) - Black']"}
  (Session info: chrome=126.0.6478.185)
For documentation on this error, please visit: https://www.selenium.dev/documentation/webdriver/troubleshooting/errors#no-such-element-exception
Build info: version: '4.21.0', revision: '79ed462ef4'
System info: os.name: 'Windows 11', os.arch: 'amd64', os.version: '10.0', java.version: '22.0.1'
Driver info: org.openqa.selenium.chrome.ChromeDriver
Command: [d46081cc12e1f696940ea20ca281e515, findElement {using=xpath, value=//img[@alt='Sponsored Ad - Apple iPhone 15 (128 GB) - Black']}]
Capabilities {acceptInsecureCerts: false, browserName: chrome, browserVersion: 126.0.6478.185, chrome: {chromedriverVersion: 126.0.6478.182 (5b5d8292ddf..., userDataDir: C:\Users\SAGARN~1\AppData\L...}, fedcm:accounts: true, goog:chromeOptions: {debuggerAddress: localhost:56366}, networkConnectionEnabled: false, pageLoadStrategy: normal, platformName: windows, proxy: Proxy(), se:cdp: ws://localhost:56366/devtoo..., se:cdpVersion: 126.0.6478.185, setWindowRect: true, strictFileInteractability: false, timeouts: {implicit: 0, pageLoad: 300000, script: 30000}, unhandledPromptBehavior: dismiss and notify, webauthn:extension:credBlob: true, webauthn:extension:largeBlob: true, webauthn:extension:minPinLength: true, webauthn:extension:prf: true, webauthn:virtualAuthenticators: true}
Session ID: d46081cc12e1f696940ea20ca281e515]]>
            </message>
            <full-stacktrace>
              <![CDATA[org.openqa.selenium.NoSuchElementException: no such element: Unable to locate element: {"method":"xpath","selector":"//img[@alt='Sponsored Ad - Apple iPhone 15 (128 GB) - Black']"}
  (Session info: chrome=126.0.6478.185)
For documentation on this error, please visit: https://www.selenium.dev/documentation/webdriver/troubleshooting/errors#no-such-element-exception
Build info: version: '4.21.0', revision: '79ed462ef4'
System info: os.name: 'Windows 11', os.arch: 'amd64', os.version: '10.0', java.version: '22.0.1'
Driver info: org.openqa.selenium.chrome.ChromeDriver
Command: [d46081cc12e1f696940ea20ca281e515, findElement {using=xpath, value=//img[@alt='Sponsored Ad - Apple iPhone 15 (128 GB) - Black']}]
Capabilities {acceptInsecureCerts: false, browserName: chrome, browserVersion: 126.0.6478.185, chrome: {chromedriverVersion: 126.0.6478.182 (5b5d8292ddf..., userDataDir: C:\Users\SAGARN~1\AppData\L...}, fedcm:accounts: true, goog:chromeOptions: {debuggerAddress: localhost:56366}, networkConnectionEnabled: false, pageLoadStrategy: normal, platformName: windows, proxy: Proxy(), se:cdp: ws://localhost:56366/devtoo..., se:cdpVersion: 126.0.6478.185, setWindowRect: true, strictFileInteractability: false, timeouts: {implicit: 0, pageLoad: 300000, script: 30000}, unhandledPromptBehavior: dismiss and notify, webauthn:extension:credBlob: true, webauthn:extension:largeBlob: true, webauthn:extension:minPinLength: true, webauthn:extension:prf: true, webauthn:virtualAuthenticators: true}
Session ID: d46081cc12e1f696940ea20ca281e515
at java.base/jdk.internal.reflect.DirectConstructorHandleAccessor.newInstance(DirectConstructorHandleAccessor.java:62)
at java.base/java.lang.reflect.Constructor.newInstanceWithCaller(Constructor.java:502)
at java.base/java.lang.reflect.Constructor.newInstance(Constructor.java:486)
at org.openqa.selenium.remote.ErrorCodec.decode(ErrorCodec.java:167)
at org.openqa.selenium.remote.codec.w3c.W3CHttpResponseCodec.decode(W3CHttpResponseCodec.java:138)
at org.openqa.selenium.remote.codec.w3c.W3CHttpResponseCodec.decode(W3CHttpResponseCodec.java:50)
at org.openqa.selenium.remote.HttpCommandExecutor.execute(HttpCommandExecutor.java:190)
at org.openqa.selenium.remote.service.DriverCommandExecutor.invokeExecute(DriverCommandExecutor.java:216)
at org.openqa.selenium.remote.service.DriverCommandExecutor.execute(DriverCommandExecutor.java:174)
at org.openqa.selenium.remote.RemoteWebDriver.execute(RemoteWebDriver.java:518)
at org.openqa.selenium.remote.ElementLocation$ElementFinder$2.findElement(ElementLocation.java:165)
at org.openqa.selenium.remote.ElementLocation.findElement(ElementLocation.java:59)
at org.openqa.selenium.remote.RemoteWebDriver.findElement(RemoteWebDriver.java:355)
at org.openqa.selenium.remote.RemoteWebDriver.findElement(RemoteWebDriver.java:349)
at org.openqa.selenium.support.pagefactory.DefaultElementLocator.findElement(DefaultElementLocator.java:68)
at org.openqa.selenium.support.pagefactory.internal.LocatingElementHandler.invoke(LocatingElementHandler.java:38)
at jdk.proxy2/jdk.proxy2.$Proxy32.getWrappedElement(Unknown Source)
at org.openqa.selenium.remote.WebElementToJsonConverter.apply(WebElementToJsonConverter.java:48)
at java.base/java.util.stream.ReferencePipeline$3$1.accept(ReferencePipeline.java:212)
at java.base/java.util.Spliterators$ArraySpliterator.forEachRemaining(Spliterators.java:1024)
at java.base/java.util.stream.AbstractPipeline.copyInto(AbstractPipeline.java:556)
at java.base/java.util.stream.AbstractPipeline.wrapAndCopyInto(AbstractPipeline.java:546)
at java.base/java.util.stream.ReduceOps$ReduceOp.evaluateSequential(ReduceOps.java:921)
at java.base/java.util.stream.AbstractPipeline.evaluate(AbstractPipeline.java:265)
at java.base/java.util.stream.ReferencePipeline.collect(ReferencePipeline.java:702)
at org.openqa.selenium.remote.RemoteWebDriver.executeScript(RemoteWebDriver.java:461)
at authanticate.actionadriver.userActions.scrollByVisibilityOfElement(userActions.java:32)
at pageObjects.HomeAndSearchPage.SelectTheProductFromSearch(HomeAndSearchPage.java:34)
at authenticate.TestCases.AllTestCases.amzProductComparewithFlipkart(AllTestCases.java:120)
at java.base/jdk.internal.reflect.DirectMethodHandleAccessor.invoke(DirectMethodHandleAccessor.java:103)
at java.base/java.lang.reflect.Method.invoke(Method.java:580)
at org.testng.internal.MethodInvocationHelper.invokeMethod(MethodInvocationHelper.java:133)
at org.testng.internal.TestInvoker.invokeMethod(TestInvoker.java:598)
at org.testng.internal.TestInvoker.invokeTestMethod(TestInvoker.java:173)
at org.testng.internal.MethodRunner.runInSequence(MethodRunner.java:46)
at org.testng.internal.TestInvoker$MethodInvocationAgent.invoke(TestInvoker.java:824)
at org.testng.internal.TestInvoker.invokeTestMethods(TestInvoker.java:146)
at org.testng.internal.TestMethodWorker.invokeTestMethods(TestMethodWorker.java:146)
at org.testng.internal.TestMethodWorker.run(TestMethodWorker.java:128)
at java.base/java.util.ArrayList.forEach(ArrayList.java:1597)
at org.testng.TestRunner.privateRun(TestRunner.java:794)
at org.testng.TestRunner.run(TestRunner.java:596)
at org.testng.SuiteRunner.runTest(SuiteRunner.java:377)
at org.testng.SuiteRunner.runSequentially(SuiteRunner.java:371)
at org.testng.SuiteRunner.privateRun(SuiteRunner.java:332)
at org.testng.SuiteRunner.run(SuiteRunner.java:276)
at org.testng.SuiteRunnerWorker.runSuite(SuiteRunnerWorker.java:53)
at org.testng.SuiteRunnerWorker.run(SuiteRunnerWorker.java:96)
at org.testng.TestNG.runSuitesSequentially(TestNG.java:1212)
at org.testng.TestNG.runSuitesLocally(TestNG.java:1134)
at org.testng.TestNG.runSuites(TestNG.java:1063)
at org.testng.TestNG.run(TestNG.java:1031)
at org.testng.remote.AbstractRemoteTestNG.run(AbstractRemoteTestNG.java:115)
at org.testng.remote.RemoteTestNG.initAndRun(RemoteTestNG.java:293)
at org.testng.remote.RemoteTestNG.main(RemoteTestNG.java:91)
]]>
            </full-stacktrace>
          </exception> <!-- org.openqa.selenium.NoSuchElementException -->
          <reporter-output>
          </reporter-output>
        </test-method> <!-- amzProductComparewithFlipkart -->
        <test-method is-config="true" signature="tearDown()[pri:0, instance:authenticate.TestCases.AllTestCases@77888435]" started-at="2024-08-03T14:15:22 IST" name="tearDown" finished-at="2024-08-03T14:15:22 IST" duration-ms="271" status="PASS">
          <reporter-output>
          </reporter-output>
        </test-method> <!-- tearDown -->
        <test-method is-config="true" signature="Aftersuit()[pri:0, instance:authenticate.TestCases.AllTestCases@77888435]" started-at="2024-08-03T14:15:22 IST" name="Aftersuit" finished-at="2024-08-03T14:15:23 IST" duration-ms="733" status="PASS">
          <reporter-output>
          </reporter-output>
        </test-method> <!-- Aftersuit -->
      </class> <!-- authenticate.TestCases.AllTestCases -->
    </test> <!-- Test -->
  </suite> <!-- AllTestCaseRunner -->
</testng-results>
